<?xml version="1.0" encoding="UTF-8"?>
<testng-results ignored="0" total="2" passed="2" failed="0" skipped="0">
  <reporter-output>
  </reporter-output>
  <suite started-at="2022-05-23T17:22:41 IST" name="Default suite" finished-at="2022-05-23T17:23:36 IST" duration-ms="54489">
    <groups>
    </groups>
    <test started-at="2022-05-23T17:22:41 IST" name="Default test" finished-at="2022-05-23T17:23:36 IST" duration-ms="54489">
      <class name="Tests.Testcases">
        <test-method is-config="true" signature="setUp()[pri:0, instance:Tests.Testcases@6da21078]" started-at="2022-05-23T17:22:41 IST" name="setUp" finished-at="2022-05-23T17:22:41 IST" duration-ms="12" status="PASS">
          <reporter-output>
          </reporter-output>
        </test-method> <!-- setUp -->
        <test-method signature="PrintPriceAfterAdditionOfQuantity()[pri:1, instance:Tests.Testcases@6da21078]" started-at="2022-05-23T17:22:41 IST" name="PrintPriceAfterAdditionOfQuantity" finished-at="2022-05-23T17:23:09 IST" duration-ms="27394" status="PASS">
          <reporter-output>
          </reporter-output>
        </test-method> <!-- PrintPriceAfterAdditionOfQuantity -->
        <test-method signature="FindWhichSiteIsGivingCheaperRate()[pri:2, instance:Tests.Testcases@6da21078]" started-at="2022-05-23T17:23:09 IST" name="FindWhichSiteIsGivingCheaperRate" finished-at="2022-05-23T17:23:36 IST" duration-ms="27033" status="PASS">
          <reporter-output>
          </reporter-output>
        </test-method> <!-- FindWhichSiteIsGivingCheaperRate -->
      </class> <!-- Tests.Testcases -->
    </test> <!-- Default test -->
  </suite> <!-- Default suite -->
</testng-results>
